2024-12-08T13:55:00.316+05:00  INFO 15527 --- [system] [main] u.u.system.SystemApplication             : Starting SystemApplication using Java 21 with PID 15527 (/home/javlon/IdeaProjects/system/target/classes started by javlon in /home/javlon/IdeaProjects/system)
2024-12-08T13:55:00.318+05:00 DEBUG 15527 --- [system] [main] u.u.system.SystemApplication             : Running with Spring Boot v3.3.4, Spring v6.1.13
2024-12-08T13:55:00.319+05:00  INFO 15527 --- [system] [main] u.u.system.SystemApplication             : No active profile set, falling back to 1 default profile: "default"
2024-12-08T13:55:03.097+05:00 DEBUG 15527 --- [system] [main] u.u.system.web.base.filter.JwtFilter     : Filter 'jwtFilter' configured for use
2024-12-08T13:55:03.159+05:00  WARN 15527 --- [system] [main] r$InitializeUserDetailsManagerConfigurer : Global AuthenticationManager configured with an AuthenticationProvider bean. UserDetailsService beans will not be used for username/password login. Consider removing the AuthenticationProvider bean. Alternatively, consider using the UserDetailsService in a manually instantiated DaoAuthenticationProvider.
2024-12-08T13:55:03.914+05:00  INFO 15527 --- [system] [main] u.u.system.SystemApplication             : Started SystemApplication in 4.127 seconds (process running for 4.817)
2024-12-08T13:55:35.746+05:00  INFO 15527 --- [system] [http-nio-8080-exec-2] o.s.web.servlet.DispatcherServlet        : Initializing Servlet 'dispatcherServlet'
2024-12-08T13:55:35.748+05:00  INFO 15527 --- [system] [http-nio-8080-exec-2] o.s.web.servlet.DispatcherServlet        : Completed initialization in 2 ms
2024-12-08T14:04:10.050+05:00  WARN 15527 --- [system] [http-nio-8080-exec-1] o.h.engine.jdbc.spi.SqlExceptionHelper   : SQL Error: 23505, SQLState: 23505
2024-12-08T14:04:10.051+05:00 ERROR 15527 --- [system] [http-nio-8080-exec-1] o.h.engine.jdbc.spi.SqlExceptionHelper   : Unique index or primary key violation: "PUBLIC.UKRPXWB2O1HUAC1N6JXCD6BIMDM_INDEX_A ON PUBLIC.""_GROUP""(TEACHER_ID NULLS FIRST) VALUES ( /* 1 */ 1 )"; SQL statement:
insert into _group (course_type,current_size,end_date,name,size,start_date,status,teacher_id,id) values (?,?,?,?,?,?,?,?,default) [23505-224]
2024-12-08T14:04:47.683+05:00  WARN 15527 --- [system] [http-nio-8080-exec-7] ration$PageModule$WarningLoggingModifier : Serializing PageImpl instances as-is is not supported, meaning that there is no guarantee about the stability of the resulting JSON structure!
	For a stable JSON structure, please use Spring Data's PagedModel (globally via @EnableSpringDataWebSupport(pageSerializationMode = VIA_DTO))
	or Spring HATEOAS and Spring Data's PagedResourcesAssembler as documented in https://docs.spring.io/spring-data/commons/reference/repositories/core-extensions.html#core.web.pageables.

2024-12-08T14:04:47.687+05:00  WARN 15527 --- [system] [http-nio-8080-exec-7] .w.s.m.s.DefaultHandlerExceptionResolver : Resolved [org.springframework.http.converter.HttpMessageNotWritableException: Could not write JSON: failed to lazily initialize a collection of role: uz.uychiitschool.system.web.core.entity.Group.students: could not initialize proxy - no Session]
2024-12-08T14:05:14.702+05:00  WARN 15527 --- [system] [http-nio-8080-exec-4] .w.s.m.s.DefaultHandlerExceptionResolver : Resolved [org.springframework.http.converter.HttpMessageNotWritableException: Could not write JSON: failed to lazily initialize a collection of role: uz.uychiitschool.system.web.core.entity.Group.students: could not initialize proxy - no Session]
2024-12-08T14:05:37.625+05:00  WARN 15527 --- [system] [http-nio-8080-exec-9] .w.s.m.s.DefaultHandlerExceptionResolver : Resolved [org.springframework.http.converter.HttpMessageNotWritableException: Could not write JSON: failed to lazily initialize a collection of role: uz.uychiitschool.system.web.core.entity.Group.students: could not initialize proxy - no Session]
2024-12-08T14:16:33.222+05:00  WARN 15527 --- [system] [http-nio-8080-exec-3] .w.s.m.s.DefaultHandlerExceptionResolver : Resolved [org.springframework.http.converter.HttpMessageNotWritableException: Could not write JSON: failed to lazily initialize a collection of role: uz.uychiitschool.system.web.core.entity.Group.students: could not initialize proxy - no Session]
2024-12-08T14:18:19.773+05:00  WARN 15527 --- [system] [http-nio-8080-exec-7] .w.s.m.s.DefaultHandlerExceptionResolver : Resolved [org.springframework.http.converter.HttpMessageNotWritableException: Could not write JSON: failed to lazily initialize a collection of role: uz.uychiitschool.system.web.core.entity.Group.students: could not initialize proxy - no Session]
2024-12-08T14:20:37.344+05:00  INFO 16605 --- [system] [main] u.u.system.SystemApplication             : Starting SystemApplication using Java 21 with PID 16605 (/home/javlon/IdeaProjects/system/target/classes started by javlon in /home/javlon/IdeaProjects/system)
2024-12-08T14:20:37.345+05:00 DEBUG 16605 --- [system] [main] u.u.system.SystemApplication             : Running with Spring Boot v3.3.4, Spring v6.1.13
2024-12-08T14:20:37.346+05:00  INFO 16605 --- [system] [main] u.u.system.SystemApplication             : No active profile set, falling back to 1 default profile: "default"
2024-12-08T14:20:39.880+05:00 DEBUG 16605 --- [system] [main] u.u.system.web.base.filter.JwtFilter     : Filter 'jwtFilter' configured for use
2024-12-08T14:20:39.932+05:00  WARN 16605 --- [system] [main] r$InitializeUserDetailsManagerConfigurer : Global AuthenticationManager configured with an AuthenticationProvider bean. UserDetailsService beans will not be used for username/password login. Consider removing the AuthenticationProvider bean. Alternatively, consider using the UserDetailsService in a manually instantiated DaoAuthenticationProvider.
2024-12-08T14:20:40.721+05:00  INFO 16605 --- [system] [main] u.u.system.SystemApplication             : Started SystemApplication in 3.662 seconds (process running for 4.076)
2024-12-08T14:20:55.328+05:00  INFO 16605 --- [system] [http-nio-8080-exec-1] o.s.web.servlet.DispatcherServlet        : Initializing Servlet 'dispatcherServlet'
2024-12-08T14:20:55.361+05:00  INFO 16605 --- [system] [http-nio-8080-exec-1] o.s.web.servlet.DispatcherServlet        : Completed initialization in 31 ms
2024-12-08T14:20:55.509+05:00  WARN 16605 --- [system] [http-nio-8080-exec-1] ration$PageModule$WarningLoggingModifier : Serializing PageImpl instances as-is is not supported, meaning that there is no guarantee about the stability of the resulting JSON structure!
	For a stable JSON structure, please use Spring Data's PagedModel (globally via @EnableSpringDataWebSupport(pageSerializationMode = VIA_DTO))
	or Spring HATEOAS and Spring Data's PagedResourcesAssembler as documented in https://docs.spring.io/spring-data/commons/reference/repositories/core-extensions.html#core.web.pageables.

2024-12-08T14:20:55.522+05:00  WARN 16605 --- [system] [http-nio-8080-exec-1] .w.s.m.s.DefaultHandlerExceptionResolver : Resolved [org.springframework.http.converter.HttpMessageNotWritableException: Could not write JSON: failed to lazily initialize a collection of role: uz.uychiitschool.system.web.core.entity.Group.students: could not initialize proxy - no Session]
2024-12-08T14:21:21.681+05:00  WARN 16605 --- [system] [http-nio-8080-exec-2] .w.s.m.s.DefaultHandlerExceptionResolver : Resolved [org.springframework.http.converter.HttpMessageNotWritableException: Could not write JSON: failed to lazily initialize a collection of role: uz.uychiitschool.system.web.core.entity.Group.students: could not initialize proxy - no Session]
2024-12-08T14:21:36.518+05:00  WARN 16605 --- [system] [http-nio-8080-exec-4] .w.s.m.s.DefaultHandlerExceptionResolver : Resolved [org.springframework.http.converter.HttpMessageNotWritableException: Could not write JSON: failed to lazily initialize a collection of role: uz.uychiitschool.system.web.core.entity.Group.students: could not initialize proxy - no Session]
2024-12-08T14:23:32.571+05:00  WARN 16605 --- [system] [http-nio-8080-exec-8] .w.s.m.s.DefaultHandlerExceptionResolver : Resolved [org.springframework.http.converter.HttpMessageNotWritableException: Could not write JSON: failed to lazily initialize a collection of role: uz.uychiitschool.system.web.core.entity.Group.students: could not initialize proxy - no Session]
2024-12-08T14:26:45.903+05:00  INFO 16899 --- [system] [main] u.u.system.SystemApplication             : Starting SystemApplication using Java 21 with PID 16899 (/home/javlon/IdeaProjects/system/target/classes started by javlon in /home/javlon/IdeaProjects/system)
2024-12-08T14:26:45.904+05:00 DEBUG 16899 --- [system] [main] u.u.system.SystemApplication             : Running with Spring Boot v3.3.4, Spring v6.1.13
2024-12-08T14:26:45.905+05:00  INFO 16899 --- [system] [main] u.u.system.SystemApplication             : No active profile set, falling back to 1 default profile: "default"
2024-12-08T14:26:48.622+05:00 DEBUG 16899 --- [system] [main] u.u.system.web.base.filter.JwtFilter     : Filter 'jwtFilter' configured for use
2024-12-08T14:26:48.675+05:00  WARN 16899 --- [system] [main] r$InitializeUserDetailsManagerConfigurer : Global AuthenticationManager configured with an AuthenticationProvider bean. UserDetailsService beans will not be used for username/password login. Consider removing the AuthenticationProvider bean. Alternatively, consider using the UserDetailsService in a manually instantiated DaoAuthenticationProvider.
2024-12-08T14:26:49.533+05:00  INFO 16899 --- [system] [main] u.u.system.SystemApplication             : Started SystemApplication in 3.933 seconds (process running for 4.825)
2024-12-08T14:27:02.580+05:00  INFO 16899 --- [system] [http-nio-8080-exec-1] o.s.web.servlet.DispatcherServlet        : Initializing Servlet 'dispatcherServlet'
2024-12-08T14:27:02.582+05:00  INFO 16899 --- [system] [http-nio-8080-exec-1] o.s.web.servlet.DispatcherServlet        : Completed initialization in 2 ms
2024-12-08T14:29:06.695+05:00  WARN 16899 --- [system] [HikariPool-1 housekeeper] com.zaxxer.hikari.pool.HikariPool        : HikariPool-1 - Thread starvation or clock leap detected (housekeeper delta=1m46s347ms882µs365ns).
2024-12-08T14:29:13.519+05:00  WARN 16899 --- [system] [http-nio-8080-exec-1] ration$PageModule$WarningLoggingModifier : Serializing PageImpl instances as-is is not supported, meaning that there is no guarantee about the stability of the resulting JSON structure!
	For a stable JSON structure, please use Spring Data's PagedModel (globally via @EnableSpringDataWebSupport(pageSerializationMode = VIA_DTO))
	or Spring HATEOAS and Spring Data's PagedResourcesAssembler as documented in https://docs.spring.io/spring-data/commons/reference/repositories/core-extensions.html#core.web.pageables.

2024-12-08T14:29:13.534+05:00  WARN 16899 --- [system] [http-nio-8080-exec-1] .w.s.m.s.DefaultHandlerExceptionResolver : Resolved [org.springframework.http.converter.HttpMessageNotWritableException: Could not write JSON: failed to lazily initialize a collection of role: uz.uychiitschool.system.web.core.entity.Group.students: could not initialize proxy - no Session]
2024-12-08T14:32:55.495+05:00  INFO 17201 --- [system] [main] u.u.system.SystemApplication             : Starting SystemApplication using Java 21 with PID 17201 (/home/javlon/IdeaProjects/system/target/classes started by javlon in /home/javlon/IdeaProjects/system)
2024-12-08T14:32:55.496+05:00 DEBUG 17201 --- [system] [main] u.u.system.SystemApplication             : Running with Spring Boot v3.3.4, Spring v6.1.13
2024-12-08T14:32:55.497+05:00  INFO 17201 --- [system] [main] u.u.system.SystemApplication             : No active profile set, falling back to 1 default profile: "default"
2024-12-08T14:32:57.966+05:00 DEBUG 17201 --- [system] [main] u.u.system.web.base.filter.JwtFilter     : Filter 'jwtFilter' configured for use
2024-12-08T14:32:58.011+05:00  WARN 17201 --- [system] [main] r$InitializeUserDetailsManagerConfigurer : Global AuthenticationManager configured with an AuthenticationProvider bean. UserDetailsService beans will not be used for username/password login. Consider removing the AuthenticationProvider bean. Alternatively, consider using the UserDetailsService in a manually instantiated DaoAuthenticationProvider.
2024-12-08T14:32:58.739+05:00  INFO 17201 --- [system] [main] u.u.system.SystemApplication             : Started SystemApplication in 3.556 seconds (process running for 3.972)
2024-12-08T14:33:26.736+05:00  INFO 17327 --- [system] [main] u.u.system.SystemApplication             : Starting SystemApplication using Java 21 with PID 17327 (/home/javlon/IdeaProjects/system/target/classes started by javlon in /home/javlon/IdeaProjects/system)
2024-12-08T14:33:26.737+05:00 DEBUG 17327 --- [system] [main] u.u.system.SystemApplication             : Running with Spring Boot v3.3.4, Spring v6.1.13
2024-12-08T14:33:26.738+05:00  INFO 17327 --- [system] [main] u.u.system.SystemApplication             : No active profile set, falling back to 1 default profile: "default"
2024-12-08T14:33:29.092+05:00 DEBUG 17327 --- [system] [main] u.u.system.web.base.filter.JwtFilter     : Filter 'jwtFilter' configured for use
2024-12-08T14:33:29.148+05:00  WARN 17327 --- [system] [main] r$InitializeUserDetailsManagerConfigurer : Global AuthenticationManager configured with an AuthenticationProvider bean. UserDetailsService beans will not be used for username/password login. Consider removing the AuthenticationProvider bean. Alternatively, consider using the UserDetailsService in a manually instantiated DaoAuthenticationProvider.
2024-12-08T14:33:29.906+05:00  INFO 17327 --- [system] [main] u.u.system.SystemApplication             : Started SystemApplication in 3.458 seconds (process running for 3.904)
2024-12-08T14:33:38.135+05:00  INFO 17327 --- [system] [http-nio-8080-exec-1] o.s.web.servlet.DispatcherServlet        : Initializing Servlet 'dispatcherServlet'
2024-12-08T14:33:38.137+05:00  INFO 17327 --- [system] [http-nio-8080-exec-1] o.s.web.servlet.DispatcherServlet        : Completed initialization in 2 ms
2024-12-08T14:33:38.367+05:00  WARN 17327 --- [system] [http-nio-8080-exec-1] ration$PageModule$WarningLoggingModifier : Serializing PageImpl instances as-is is not supported, meaning that there is no guarantee about the stability of the resulting JSON structure!
	For a stable JSON structure, please use Spring Data's PagedModel (globally via @EnableSpringDataWebSupport(pageSerializationMode = VIA_DTO))
	or Spring HATEOAS and Spring Data's PagedResourcesAssembler as documented in https://docs.spring.io/spring-data/commons/reference/repositories/core-extensions.html#core.web.pageables.

2024-12-08T14:38:10.200+05:00  INFO 17648 --- [system] [main] u.u.system.SystemApplication             : Starting SystemApplication using Java 21 with PID 17648 (/home/javlon/IdeaProjects/system/target/classes started by javlon in /home/javlon/IdeaProjects/system)
2024-12-08T14:38:10.201+05:00 DEBUG 17648 --- [system] [main] u.u.system.SystemApplication             : Running with Spring Boot v3.3.4, Spring v6.1.13
2024-12-08T14:38:10.202+05:00  INFO 17648 --- [system] [main] u.u.system.SystemApplication             : No active profile set, falling back to 1 default profile: "default"
2024-12-08T14:38:12.572+05:00 DEBUG 17648 --- [system] [main] u.u.system.web.base.filter.JwtFilter     : Filter 'jwtFilter' configured for use
2024-12-08T14:38:12.614+05:00  WARN 17648 --- [system] [main] r$InitializeUserDetailsManagerConfigurer : Global AuthenticationManager configured with an AuthenticationProvider bean. UserDetailsService beans will not be used for username/password login. Consider removing the AuthenticationProvider bean. Alternatively, consider using the UserDetailsService in a manually instantiated DaoAuthenticationProvider.
2024-12-08T14:38:13.332+05:00  INFO 17648 --- [system] [main] u.u.system.SystemApplication             : Started SystemApplication in 3.435 seconds (process running for 3.874)
2024-12-08T14:38:24.800+05:00  INFO 17648 --- [system] [http-nio-8080-exec-1] o.s.web.servlet.DispatcherServlet        : Initializing Servlet 'dispatcherServlet'
2024-12-08T14:38:24.801+05:00  INFO 17648 --- [system] [http-nio-8080-exec-1] o.s.web.servlet.DispatcherServlet        : Completed initialization in 1 ms
2024-12-08T14:38:25.038+05:00  WARN 17648 --- [system] [http-nio-8080-exec-1] ration$PageModule$WarningLoggingModifier : Serializing PageImpl instances as-is is not supported, meaning that there is no guarantee about the stability of the resulting JSON structure!
	For a stable JSON structure, please use Spring Data's PagedModel (globally via @EnableSpringDataWebSupport(pageSerializationMode = VIA_DTO))
	or Spring HATEOAS and Spring Data's PagedResourcesAssembler as documented in https://docs.spring.io/spring-data/commons/reference/repositories/core-extensions.html#core.web.pageables.

2024-12-08T14:40:09.873+05:00  INFO 17832 --- [system] [main] u.u.system.SystemApplication             : Starting SystemApplication using Java 21 with PID 17832 (/home/javlon/IdeaProjects/system/target/classes started by javlon in /home/javlon/IdeaProjects/system)
2024-12-08T14:40:09.875+05:00 DEBUG 17832 --- [system] [main] u.u.system.SystemApplication             : Running with Spring Boot v3.3.4, Spring v6.1.13
2024-12-08T14:40:09.875+05:00  INFO 17832 --- [system] [main] u.u.system.SystemApplication             : No active profile set, falling back to 1 default profile: "default"
2024-12-08T14:40:12.239+05:00 DEBUG 17832 --- [system] [main] u.u.system.web.base.filter.JwtFilter     : Filter 'jwtFilter' configured for use
2024-12-08T14:40:12.286+05:00  WARN 17832 --- [system] [main] r$InitializeUserDetailsManagerConfigurer : Global AuthenticationManager configured with an AuthenticationProvider bean. UserDetailsService beans will not be used for username/password login. Consider removing the AuthenticationProvider bean. Alternatively, consider using the UserDetailsService in a manually instantiated DaoAuthenticationProvider.
2024-12-08T14:40:13.005+05:00  INFO 17832 --- [system] [main] u.u.system.SystemApplication             : Started SystemApplication in 3.429 seconds (process running for 3.848)
2024-12-08T14:40:21.235+05:00  INFO 17832 --- [system] [http-nio-8080-exec-1] o.s.web.servlet.DispatcherServlet        : Initializing Servlet 'dispatcherServlet'
2024-12-08T14:40:21.236+05:00  INFO 17832 --- [system] [http-nio-8080-exec-1] o.s.web.servlet.DispatcherServlet        : Completed initialization in 1 ms
