2024-12-11 12:56:56 [restartedMain] INFO  u.u.system.SystemApplication - Starting SystemApplication using Java 22.0.2 with PID 436 (D:\app\backend\system\target\classes started by admin in D:\app\backend\system)
2024-12-11 12:56:56 [restartedMain] DEBUG u.u.system.SystemApplication - Running with Spring Boot v3.3.6, Spring v6.1.15
2024-12-11 12:56:56 [restartedMain] INFO  u.u.system.SystemApplication - No active profile set, falling back to 1 default profile: "default"
2024-12-11 12:57:00 [restartedMain] DEBUG u.u.system.web.base.filter.JwtFilter - Filter 'jwtFilter' configured for use
2024-12-11 12:57:00 [restartedMain] WARN  o.s.s.c.a.a.c.InitializeUserDetailsBeanManagerConfigurer$InitializeUserDetailsManagerConfigurer - Global AuthenticationManager configured with an AuthenticationProvider bean. UserDetailsService beans will not be used for username/password login. Consider removing the AuthenticationProvider bean. Alternatively, consider using the UserDetailsService in a manually instantiated DaoAuthenticationProvider.
2024-12-11 12:57:01 [restartedMain] INFO  o.s.b.a.e.web.EndpointLinksResolver - Exposing 1 endpoint beneath base path '/actuator'
2024-12-11 12:57:01 [restartedMain] INFO  u.u.system.SystemApplication - Started SystemApplication in 5.922 seconds (process running for 6.789)
2024-12-11 12:57:02 [RMI TCP Connection(3)-192.168.1.248] INFO  o.s.web.servlet.DispatcherServlet - Initializing Servlet 'dispatcherServlet'
2024-12-11 12:57:02 [RMI TCP Connection(3)-192.168.1.248] INFO  o.s.web.servlet.DispatcherServlet - Completed initialization in 4 ms
2024-12-11 13:23:31 [restartedMain] INFO  u.u.system.SystemApplication - Starting SystemApplication using Java 22.0.2 with PID 2900 (D:\app\backend\system\target\classes started by admin in D:\app\backend\system)
2024-12-11 13:23:31 [restartedMain] DEBUG u.u.system.SystemApplication - Running with Spring Boot v3.3.6, Spring v6.1.15
2024-12-11 13:23:31 [restartedMain] INFO  u.u.system.SystemApplication - No active profile set, falling back to 1 default profile: "default"
2024-12-11 13:23:35 [restartedMain] DEBUG u.u.system.web.base.filter.JwtFilter - Filter 'jwtFilter' configured for use
2024-12-11 13:23:35 [restartedMain] WARN  o.s.s.c.a.a.c.InitializeUserDetailsBeanManagerConfigurer$InitializeUserDetailsManagerConfigurer - Global AuthenticationManager configured with an AuthenticationProvider bean. UserDetailsService beans will not be used for username/password login. Consider removing the AuthenticationProvider bean. Alternatively, consider using the UserDetailsService in a manually instantiated DaoAuthenticationProvider.
2024-12-11 13:23:36 [restartedMain] INFO  o.s.b.a.e.web.EndpointLinksResolver - Exposing 1 endpoint beneath base path '/actuator'
2024-12-11 13:23:37 [restartedMain] INFO  u.u.system.SystemApplication - Started SystemApplication in 6.391 seconds (process running for 6.985)
2024-12-11 13:23:37 [RMI TCP Connection(3)-192.168.1.248] INFO  o.s.web.servlet.DispatcherServlet - Initializing Servlet 'dispatcherServlet'
2024-12-11 13:23:37 [RMI TCP Connection(3)-192.168.1.248] INFO  o.s.web.servlet.DispatcherServlet - Completed initialization in 2 ms
2024-12-11 13:23:58 [http-nio-8080-exec-5] WARN  o.s.w.s.m.m.a.ExceptionHandlerExceptionResolver - Resolved [org.springframework.web.servlet.resource.NoResourceFoundException: No static resource favicon.ico.]
2024-12-11 13:24:01 [http-nio-8080-exec-1] WARN  o.s.w.s.m.m.a.ExceptionHandlerExceptionResolver - Resolved [org.springframework.web.servlet.resource.NoResourceFoundException: No static resource favicon.ico.]
2024-12-11 13:25:12 [http-nio-8080-exec-3] WARN  o.s.w.s.m.m.a.ExceptionHandlerExceptionResolver - Resolved [org.springframework.web.servlet.resource.NoResourceFoundException: No static resource favicon.ico.]
2024-12-11 13:25:50 [http-nio-8080-exec-5] WARN  o.s.w.s.m.m.a.ExceptionHandlerExceptionResolver - Resolved [org.springframework.web.servlet.resource.NoResourceFoundException: No static resource favicon.ico.]
2024-12-11 13:26:31 [http-nio-8080-exec-9] WARN  o.s.w.s.m.m.a.ExceptionHandlerExceptionResolver - Resolved [org.springframework.web.servlet.resource.NoResourceFoundException: No static resource components/schemas/SignUpDto.]
2024-12-11 13:26:31 [http-nio-8080-exec-8] WARN  o.s.w.s.m.m.a.ExceptionHandlerExceptionResolver - Resolved [org.springframework.web.servlet.resource.NoResourceFoundException: No static resource favicon.ico.]
2024-12-11 13:26:41 [http-nio-8080-exec-3] WARN  o.s.w.s.m.m.a.ExceptionHandlerExceptionResolver - Resolved [org.springframework.web.servlet.resource.NoResourceFoundException: No static resource favicon.ico.]
2024-12-11 13:32:43 [restartedMain] INFO  u.u.system.SystemApplication - Starting SystemApplication using Java 22.0.2 with PID 1516 (D:\app\backend\system\target\classes started by admin in D:\app\backend\system)
2024-12-11 13:32:43 [restartedMain] DEBUG u.u.system.SystemApplication - Running with Spring Boot v3.3.6, Spring v6.1.15
2024-12-11 13:32:43 [restartedMain] INFO  u.u.system.SystemApplication - No active profile set, falling back to 1 default profile: "default"
2024-12-11 13:32:47 [restartedMain] DEBUG u.u.system.web.base.filter.JwtFilter - Filter 'jwtFilter' configured for use
2024-12-11 13:32:47 [restartedMain] WARN  o.s.s.c.a.a.c.InitializeUserDetailsBeanManagerConfigurer$InitializeUserDetailsManagerConfigurer - Global AuthenticationManager configured with an AuthenticationProvider bean. UserDetailsService beans will not be used for username/password login. Consider removing the AuthenticationProvider bean. Alternatively, consider using the UserDetailsService in a manually instantiated DaoAuthenticationProvider.
2024-12-11 13:32:48 [restartedMain] INFO  o.s.b.a.e.web.EndpointLinksResolver - Exposing 1 endpoint beneath base path '/actuator'
2024-12-11 13:32:49 [restartedMain] INFO  u.u.system.SystemApplication - Started SystemApplication in 5.958 seconds (process running for 6.606)
2024-12-11 13:32:49 [RMI TCP Connection(1)-192.168.1.248] INFO  o.s.web.servlet.DispatcherServlet - Initializing Servlet 'dispatcherServlet'
2024-12-11 13:32:49 [RMI TCP Connection(1)-192.168.1.248] INFO  o.s.web.servlet.DispatcherServlet - Completed initialization in 2 ms
2024-12-11 13:33:40 [restartedMain] INFO  u.u.system.SystemApplication - Starting SystemApplication using Java 22.0.2 with PID 2636 (D:\app\backend\system\target\classes started by admin in D:\app\backend\system)
2024-12-11 13:33:40 [restartedMain] DEBUG u.u.system.SystemApplication - Running with Spring Boot v3.3.6, Spring v6.1.15
2024-12-11 13:33:40 [restartedMain] INFO  u.u.system.SystemApplication - No active profile set, falling back to 1 default profile: "default"
2024-12-11 13:33:43 [restartedMain] DEBUG u.u.system.web.base.filter.JwtFilter - Filter 'jwtFilter' configured for use
2024-12-11 13:33:43 [restartedMain] WARN  o.s.s.c.a.a.c.InitializeUserDetailsBeanManagerConfigurer$InitializeUserDetailsManagerConfigurer - Global AuthenticationManager configured with an AuthenticationProvider bean. UserDetailsService beans will not be used for username/password login. Consider removing the AuthenticationProvider bean. Alternatively, consider using the UserDetailsService in a manually instantiated DaoAuthenticationProvider.
2024-12-11 13:33:44 [restartedMain] INFO  o.s.b.a.e.web.EndpointLinksResolver - Exposing 1 endpoint beneath base path '/actuator'
2024-12-11 13:33:45 [restartedMain] INFO  u.u.system.SystemApplication - Started SystemApplication in 5.809 seconds (process running for 6.413)
2024-12-11 13:33:45 [RMI TCP Connection(3)-192.168.1.248] INFO  o.s.web.servlet.DispatcherServlet - Initializing Servlet 'dispatcherServlet'
2024-12-11 13:33:45 [RMI TCP Connection(3)-192.168.1.248] INFO  o.s.web.servlet.DispatcherServlet - Completed initialization in 2 ms
2024-12-11 13:34:18 [http-nio-8080-exec-9] WARN  o.s.w.s.m.m.a.ExceptionHandlerExceptionResolver - Resolved [org.springframework.web.servlet.resource.NoResourceFoundException: No static resource swagger-ui/swagger-ui/index.html.]
2024-12-11 13:35:18 [http-nio-8080-exec-5] WARN  o.s.w.s.m.m.a.ExceptionHandlerExceptionResolver - Resolved [org.springframework.web.servlet.resource.NoResourceFoundException: No static resource swagger-ui/api/v1/student.]
2024-12-11 13:35:28 [http-nio-8080-exec-7] WARN  o.s.w.s.m.m.a.ExceptionHandlerExceptionResolver - Resolved [org.springframework.web.servlet.resource.NoResourceFoundException: No static resource swagger-ui/api/v1/student.]
2024-12-11 13:36:53 [restartedMain] INFO  u.u.system.SystemApplication - Starting SystemApplication using Java 22.0.2 with PID 5296 (D:\app\backend\system\target\classes started by admin in D:\app\backend\system)
2024-12-11 13:36:53 [restartedMain] DEBUG u.u.system.SystemApplication - Running with Spring Boot v3.3.6, Spring v6.1.15
2024-12-11 13:36:53 [restartedMain] INFO  u.u.system.SystemApplication - No active profile set, falling back to 1 default profile: "default"
2024-12-11 13:36:57 [restartedMain] DEBUG u.u.system.web.base.filter.JwtFilter - Filter 'jwtFilter' configured for use
2024-12-11 13:36:57 [restartedMain] WARN  o.s.s.c.a.a.c.InitializeUserDetailsBeanManagerConfigurer$InitializeUserDetailsManagerConfigurer - Global AuthenticationManager configured with an AuthenticationProvider bean. UserDetailsService beans will not be used for username/password login. Consider removing the AuthenticationProvider bean. Alternatively, consider using the UserDetailsService in a manually instantiated DaoAuthenticationProvider.
2024-12-11 13:36:58 [restartedMain] INFO  o.s.b.a.e.web.EndpointLinksResolver - Exposing 1 endpoint beneath base path '/actuator'
2024-12-11 13:36:59 [restartedMain] INFO  u.u.system.SystemApplication - Started SystemApplication in 6.217 seconds (process running for 6.85)
2024-12-11 13:36:59 [http-nio-8080-exec-1] INFO  o.s.web.servlet.DispatcherServlet - Initializing Servlet 'dispatcherServlet'
2024-12-11 13:36:59 [http-nio-8080-exec-1] INFO  o.s.web.servlet.DispatcherServlet - Completed initialization in 1 ms
2024-12-11 13:42:23 [http-nio-8080-exec-1] WARN  o.s.w.s.m.m.a.ExceptionHandlerExceptionResolver - Resolved [org.springframework.security.authorization.AuthorizationDeniedException: Access Denied]
